# JRE version: Java(TM) SE Runtime Environment (23.0.2+7) (build 23.0.2+7-58)
# Java VM: Java HotSpot(TM) 64-Bit Server VM (23.0.2+7-58, mixed mode, sharing, tiered, compressed oops, compressed class ptrs, g1 gc, windows-amd64)
GC Precious Log:
 CardTable entry size: 512
 Card Set container configuration: InlinePtr #cards 5 size 8 Array Of Cards #cards 10 size 36 Howl #buckets 4 coarsen threshold 1843 Howl Bitmap #cards 512 size 80 coarsen threshold 460 Card regions per heap region 1 cards per card region 2048
 CPUs: 8 total, 8 available
 Memory: 7778M
 Large Page Support: Disabled
 NUMA Support: Disabled
 Compressed Oops: Enabled (32-bit)
 Heap Region Size: 1M
 Heap Min Capacity: 8M
 Heap Initial Capacity: 8M
 Heap Max Capacity: 1946M
 Pre-touch: Disabled
 Parallel Workers: 8
 Concurrent Workers: 2
 Concurrent Refinement Workers: 8
 Periodic GC: Disabled
Heap:
 garbage-first heap   total reserved 1992704K, committed 20480K, used 12099K [0x0000000086600000, 0x0000000100000000)
  region size 1024K, 1 young (1024K), 1 survivors (1024K)
 Metaspace       used 11280K, committed 11584K, reserved 1114112K
  class space    used 1322K, committed 1472K, reserved 1048576K
GC Heap History (20 events):
Event: 0.658 GC heap after
{Heap after GC invocations=7 (full 0):
 garbage-first heap   total reserved 1992704K, committed 10240K, used 4796K [0x0000000086600000, 0x0000000100000000)
  region size 1024K, 1 young (1024K), 1 survivors (1024K)
 Metaspace       used 8985K, committed 9152K, reserved 1114112K
  class space    used 1059K, committed 1152K, reserved 1048576K
}
Event: 0.693 GC heap before
{Heap before GC invocations=7 (full 0):
 garbage-first heap   total reserved 1992704K, committed 10240K, used 6844K [0x0000000086600000, 0x0000000100000000)
  region size 1024K, 3 young (3072K), 1 survivors (1024K)
 Metaspace       used 9058K, committed 9216K, reserved 1114112K
  class space    used 1066K, committed 1152K, reserved 1048576K
}
Event: 0.694 GC heap after
{Heap after GC invocations=8 (full 0):
 garbage-first heap   total reserved 1992704K, committed 10240K, used 5027K [0x0000000086600000, 0x0000000100000000)
  region size 1024K, 1 young (1024K), 1 survivors (1024K)
 Metaspace       used 9058K, committed 9216K, reserved 1114112K
  class space    used 1066K, committed 1152K, reserved 1048576K
}
Event: 0.704 GC heap before
{Heap before GC invocations=8 (full 0):
 garbage-first heap   total reserved 1992704K, committed 10240K, used 7075K [0x0000000086600000, 0x0000000100000000)
  region size 1024K, 3 young (3072K), 1 survivors (1024K)
 Metaspace       used 9073K, committed 9280K, reserved 1114112K
  class space    used 1066K, committed 1152K, reserved 1048576K
}
Event: 0.705 GC heap after
{Heap after GC invocations=9 (full 0):
 garbage-first heap   total reserved 1992704K, committed 10240K, used 5409K [0x0000000086600000, 0x0000000100000000)
  region size 1024K, 1 young (1024K), 1 survivors (1024K)
 Metaspace       used 9073K, committed 9280K, reserved 1114112K
  class space    used 1066K, committed 1152K, reserved 1048576K
}
Event: 0.717 GC heap before
{Heap before GC invocations=10 (full 0):
 garbage-first heap   total reserved 1992704K, committed 10240K, used 7457K [0x0000000086600000, 0x0000000100000000)
  region size 1024K, 3 young (3072K), 1 survivors (1024K)
 Metaspace       used 9089K, committed 9344K, reserved 1114112K
  class space    used 1066K, committed 1152K, reserved 1048576K
}
Event: 0.719 GC heap after
{Heap after GC invocations=11 (full 0):
 garbage-first heap   total reserved 1992704K, committed 10240K, used 5717K [0x0000000086600000, 0x0000000100000000)
  region size 1024K, 1 young (1024K), 1 survivors (1024K)
 Metaspace       used 9089K, committed 9344K, reserved 1114112K
  class space    used 1066K, committed 1152K, reserved 1048576K
}
Event: 0.744 GC heap before
{Heap before GC invocations=11 (full 0):
 garbage-first heap   total reserved 1992704K, committed 10240K, used 7765K [0x0000000086600000, 0x0000000100000000)
  region size 1024K, 3 young (3072K), 1 survivors (1024K)
 Metaspace       used 9180K, committed 9408K, reserved 1114112K
  class space    used 1082K, committed 1152K, reserved 1048576K
}
Event: 0.746 GC heap after
{Heap after GC invocations=12 (full 0):
 garbage-first heap   total reserved 1992704K, committed 10240K, used 6023K [0x0000000086600000, 0x0000000100000000)
  region size 1024K, 1 young (1024K), 1 survivors (1024K)
 Metaspace       used 9180K, committed 9408K, reserved 1114112K
  class space    used 1082K, committed 1152K, reserved 1048576K
}
Event: 0.749 GC heap before
{Heap before GC invocations=12 (full 0):
 garbage-first heap   total reserved 1992704K, committed 10240K, used 7047K [0x0000000086600000, 0x0000000100000000)
  region size 1024K, 2 young (2048K), 1 survivors (1024K)
 Metaspace       used 9180K, committed 9408K, reserved 1114112K
  class space    used 1082K, committed 1152K, reserved 1048576K
}
Event: 0.751 GC heap after
{Heap after GC invocations=13 (full 0):
 garbage-first heap   total reserved 1992704K, committed 20480K, used 6244K [0x0000000086600000, 0x0000000100000000)
  region size 1024K, 1 young (1024K), 1 survivors (1024K)
 Metaspace       used 9180K, committed 9408K, reserved 1114112K
  class space    used 1082K, committed 1152K, reserved 1048576K
}
Event: 0.816 GC heap before
{Heap before GC invocations=14 (full 0):
 garbage-first heap   total reserved 1992704K, committed 20480K, used 13412K [0x0000000086600000, 0x0000000100000000)
  region size 1024K, 9 young (9216K), 1 survivors (1024K)
 Metaspace       used 9265K, committed 9472K, reserved 1114112K
  class space    used 1087K, committed 1152K, reserved 1048576K
}
Event: 0.821 GC heap after
{Heap after GC invocations=15 (full 0):
 garbage-first heap   total reserved 1992704K, committed 20480K, used 7749K [0x0000000086600000, 0x0000000100000000)
  region size 1024K, 2 young (2048K), 2 survivors (2048K)
 Metaspace       used 9265K, committed 9472K, reserved 1114112K
  class space    used 1087K, committed 1152K, reserved 1048576K
}
Event: 0.865 GC heap before
{Heap before GC invocations=15 (full 0):
 garbage-first heap   total reserved 1992704K, committed 20480K, used 13893K [0x0000000086600000, 0x0000000100000000)
  region size 1024K, 8 young (8192K), 2 survivors (2048K)
 Metaspace       used 9331K, committed 9472K, reserved 1114112K
  class space    used 1094K, committed 1152K, reserved 1048576K
}
Event: 0.870 GC heap after
{Heap after GC invocations=16 (full 0):
 garbage-first heap   total reserved 1992704K, committed 20480K, used 8880K [0x0000000086600000, 0x0000000100000000)
  region size 1024K, 1 young (1024K), 1 survivors (1024K)
 Metaspace       used 9331K, committed 9472K, reserved 1114112K
  class space    used 1094K, committed 1152K, reserved 1048576K
}
Event: 0.971 GC heap before
{Heap before GC invocations=16 (full 0):
 garbage-first heap   total reserved 1992704K, committed 20480K, used 15024K [0x0000000086600000, 0x0000000100000000)
  region size 1024K, 7 young (7168K), 1 survivors (1024K)
 Metaspace       used 9710K, committed 9984K, reserved 1114112K
  class space    used 1130K, committed 1280K, reserved 1048576K
}
Event: 0.975 GC heap after
{Heap after GC invocations=17 (full 0):
 garbage-first heap   total reserved 1992704K, committed 20480K, used 10025K [0x0000000086600000, 0x0000000100000000)
  region size 1024K, 1 young (1024K), 1 survivors (1024K)
 Metaspace       used 9710K, committed 9984K, reserved 1114112K
  class space    used 1130K, committed 1280K, reserved 1048576K
}
Event: 1.116 GC heap before
{Heap before GC invocations=17 (full 0):
 garbage-first heap   total reserved 1992704K, committed 20480K, used 15145K [0x0000000086600000, 0x0000000100000000)
  region size 1024K, 7 young (7168K), 1 survivors (1024K)
 Metaspace       used 10445K, committed 10688K, reserved 1114112K
  class space    used 1223K, committed 1344K, reserved 1048576K
}
Event: 1.122 GC heap after
{Heap after GC invocations=18 (full 0):
 garbage-first heap   total reserved 1992704K, committed 20480K, used 11247K [0x0000000086600000, 0x0000000100000000)
  region size 1024K, 1 young (1024K), 1 survivors (1024K)
 Metaspace       used 10445K, committed 10688K, reserved 1114112K
  class space    used 1223K, committed 1344K, reserved 1048576K
}
Event: 1.400 GC heap before
{Heap before GC invocations=18 (full 0):
 garbage-first heap   total reserved 1992704K, committed 20480K, used 16367K [0x0000000086600000, 0x0000000100000000)
  region size 1024K, 6 young (6144K), 1 survivors (1024K)
 Metaspace       used 11280K, committed 11584K, reserved 1114112K
  class space    used 1322K, committed 1472K, reserved 1048576K
}

